<?xml version="1.0" encoding="UTF-8"?>
<testsuites name="Test Suite 3" time="27.189" tests="1" failures="0" errors="0">
   <testsuite name="Test Suite 3" tests="1" failures="0" errors="0" time="27.189" skipped="0" timestamp="2021-07-24 16:34:26" hostname="sathianphongsukin - localhost" id="Test Suites/Test Suite 3">
      <properties>
         <property name="deviceName" value=""/>
         <property name="devicePlatform" value=""/>
         <property name="logFolder" value="/Users/sathianphongsukin/Document/\u0E07\u0E32\u0E19/64OTEPC01_DPA/Test/Test_Case/Register02/Reports/20210724_163411/Test Suite 3/20210724_163411"/>
         <property name="logFiles" value="/Users/sathianphongsukin/Document/\u0E07\u0E32\u0E19/64OTEPC01_DPA/Test/Test_Case/Register02/Reports/20210724_163411/Test Suite 3/20210724_163411/execution0.log"/>
         <property name="attachments" value=""/>
         <property name="hostName" value="sathianphongsukin - localhost"/>
         <property name="os" value="Mac OS X 64bit"/>
         <property name="katalonVersion" value="8.0.5.208"/>
         <property name="browser" value="Chrome 92.0.4515.107"/>
         <property name="hostAddress" value="127.0.0.1"/>
         <property name="sessionId" value="231ece1499bce5c2cf7e3a2721ab2aea"/>
         <property name="seleniumVersion" value="3.141.59"/>
         <property name="proxyInformation" value="ProxyInformation { proxyOption=NO_PROXY, proxyServerType=HTTP, username=, password=********, proxyServerAddress=, proxyServerPort=0, executionList=&quot;&quot;, isApplyToDesiredCapabilities=true }"/>
         <property name="platform" value="Mac OS X"/>
      </properties>
      <testcase name="Test Cases/UAT-RGS-01-003" time="26.418" classname="Test Cases/UAT-RGS-01-003" status="PASSED">
         <system-out><![CDATA[2021-07-24 16:34:26 - [TEST_CASE][PASSED] - Test Cases/UAT-RGS-01-003: Test Cases/UAT-RGS-01-003

2021-07-24 16:34:27 - [TEST_STEP][PASSED] - openBrowser(""): Browser is opened with url: ''

2021-07-24 16:34:28 - [MESSAGE][INFO] - Starting 'Chrome' driver

2021-07-24 16:34:28 - [MESSAGE][INFO] - Action delay is set to 0 milliseconds

2021-07-24 16:34:32 - [MESSAGE][PASSED] - Browser is opened with url: ''

2021-07-24 16:34:32 - [TEST_STEP][PASSED] - navigateToUrl("http://eval.sbs-app.com:3005/auth/login"): Navigate to 'http://eval.sbs-app.com:3005/auth/login' successfully

2021-07-24 16:34:35 - [MESSAGE][PASSED] - Navigate to 'http://eval.sbs-app.com:3005/auth/login' successfully

2021-07-24 16:34:35 - [TEST_STEP][PASSED] - click(findTestObject("Object Repository/UAT-RGS-01-003/Page_(DPA)/div_")): Object: 'Object Repository/UAT-RGS-01-003/Page_(DPA)/div_' is clicked on

2021-07-24 16:34:36 - [MESSAGE][PASSED] - Object: 'Object Repository/UAT-RGS-01-003/Page_(DPA)/div_' is clicked on

2021-07-24 16:34:36 - [TEST_STEP][PASSED] - click(findTestObject("Object Repository/UAT-RGS-01-003/Page_(DPA)/a_")): Object: 'Object Repository/UAT-RGS-01-003/Page_(DPA)/a_' is clicked on

2021-07-24 16:34:37 - [MESSAGE][PASSED] - Object: 'Object Repository/UAT-RGS-01-003/Page_(DPA)/a_' is clicked on

2021-07-24 16:34:37 - [TEST_STEP][PASSED] - setText(findTestObject("Object Repository/UAT-RGS-01-003/Page_(DPA)/input_Forgotten Password_email"), "taemanster@gmail.com"): Text 'taemanster@gmail.com' is set on object 'Object Repository/UAT-RGS-01-003/Page_(DPA)/input_Forgotten Password_email'

2021-07-24 16:34:38 - [MESSAGE][PASSED] - Text 'taemanster@gmail.com' is set on object 'Object Repository/UAT-RGS-01-003/Page_(DPA)/input_Forgotten Password_email'

2021-07-24 16:34:38 - [TEST_STEP][PASSED] - click(findTestObject("Object Repository/UAT-RGS-01-003/Page_(DPA)/button_Submit")): Object: 'Object Repository/UAT-RGS-01-003/Page_(DPA)/button_Submit' is clicked on

2021-07-24 16:34:38 - [MESSAGE][PASSED] - Object: 'Object Repository/UAT-RGS-01-003/Page_(DPA)/button_Submit' is clicked on

2021-07-24 16:34:38 - [TEST_STEP][PASSED] - closeBrowser(): Browser is closed

2021-07-24 16:34:39 - [MESSAGE][PASSED] - Browser is closed

2021-07-24 16:34:39 - [TEST_STEP][PASSED] - openBrowser(""): Browser is opened with url: ''

2021-07-24 16:34:39 - [MESSAGE][INFO] - Starting 'Chrome' driver

2021-07-24 16:34:39 - [MESSAGE][INFO] - Action delay is set to 0 milliseconds

2021-07-24 16:34:42 - [MESSAGE][PASSED] - Browser is opened with url: ''

2021-07-24 16:34:42 - [TEST_STEP][PASSED] - navigateToUrl("http://eval.sbs-app.com:3007/verify-email?token=eyJhbGciOiJIUzI1NiIsInR5cCI6IkpXVCJ9.eyJ1dWlkIjoiYmIyYTM5YzYtYmE5My00ZThkLWJkNzQtY2MzYWUxMjRjOWM5IiwiaWF0IjoxNjI3MTE5MTcwLCJleHAiOjE2Mjc3MjM5NzB9.cIrp7fNGyaLCJf2EBp8Lh8YbYfm2TGd-Kkb2hX-KLRU&redirect=http://eval.sbs-app.com:3005"): Navigate to 'http://eval.sbs-app.com:3007/verify-email?token=eyJhbGciOiJIUzI1NiIsInR5cCI6IkpXVCJ9.eyJ1dWlkIjoiYmIyYTM5YzYtYmE5My00ZThkLWJkNzQtY2MzYWUxMjRjOWM5IiwiaWF0IjoxNjI3MTE5MTcwLCJleHAiOjE2Mjc3MjM5NzB9.cIrp7fNGyaLCJf2EBp8Lh8YbYfm2TGd-Kkb2hX-KLRU&redirect=http://eval.sbs-app.com:3005' successfully

2021-07-24 16:34:45 - [MESSAGE][PASSED] - Navigate to 'http://eval.sbs-app.com:3007/verify-email?token=eyJhbGciOiJIUzI1NiIsInR5cCI6IkpXVCJ9.eyJ1dWlkIjoiYmIyYTM5YzYtYmE5My00ZThkLWJkNzQtY2MzYWUxMjRjOWM5IiwiaWF0IjoxNjI3MTE5MTcwLCJleHAiOjE2Mjc3MjM5NzB9.cIrp7fNGyaLCJf2EBp8Lh8YbYfm2TGd-Kkb2hX-KLRU&redirect=http://eval.sbs-app.com:3005' successfully

2021-07-24 16:34:45 - [TEST_STEP][PASSED] - setEncryptedText(findTestObject("Object Repository/UAT-RGS-01-003/Page_(DPA)/input__password"), "4nvbrPglk7k="): Text ****** has been set on object 'Object Repository/UAT-RGS-01-003/Page_(DPA)/input__password'

2021-07-24 16:34:47 - [MESSAGE][PASSED] - Text ****** has been set on object 'Object Repository/UAT-RGS-01-003/Page_(DPA)/input__password'

2021-07-24 16:34:47 - [TEST_STEP][PASSED] - setEncryptedText(findTestObject("Object Repository/UAT-RGS-01-003/Page_(DPA)/input__cPassword"), "4nvbrPglk7k="): Text ****** has been set on object 'Object Repository/UAT-RGS-01-003/Page_(DPA)/input__cPassword'

2021-07-24 16:34:48 - [MESSAGE][PASSED] - Text ****** has been set on object 'Object Repository/UAT-RGS-01-003/Page_(DPA)/input__cPassword'

2021-07-24 16:34:48 - [TEST_STEP][PASSED] - click(findTestObject("Object Repository/UAT-RGS-01-003/Page_(DPA)/app-set-password_")): Object: 'Object Repository/UAT-RGS-01-003/Page_(DPA)/app-set-password_' is clicked on

2021-07-24 16:34:48 - [MESSAGE][PASSED] - Object: 'Object Repository/UAT-RGS-01-003/Page_(DPA)/app-set-password_' is clicked on

2021-07-24 16:34:48 - [TEST_STEP][PASSED] - delay(2): Delayed 2 second(s)

2021-07-24 16:34:50 - [MESSAGE][PASSED] - Delayed 2 second(s)

2021-07-24 16:34:50 - [TEST_STEP][PASSED] - closeBrowser(): Browser is closed

2021-07-24 16:34:50 - [MESSAGE][PASSED] - Browser is closed

2021-07-24 16:34:52 - [TEST_STEP][PASSED] - Video: Video recording for test case 'Test Cases/UAT-RGS-01-003' .

2021-07-24 16:34:52 - [MESSAGE][INFO] - Video recording for test case 'Test Cases/UAT-RGS-01-003' .]]></system-out>
         <system-err><![CDATA[]]></system-err>
      </testcase>
      <system-out><![CDATA[2021-07-24 16:34:26 - [TEST_SUITE][PASSED] - Test Suite 3: Test Cases/UAT-RGS-01-003]]></system-out>
      <system-err><![CDATA[]]></system-err>
   </testsuite>
</testsuites>
