<?xml version="1.0" encoding="UTF-8"?>
<testsuites name="Test Suite 2" time="19.067" tests="1" failures="0" errors="0">
   <testsuite name="Test Suite 2" tests="1" failures="0" errors="0" time="19.067" skipped="0" timestamp="2021-07-23 12:21:43" hostname="sathianphongsukin - localhost" id="Test Suites/Test Suite 2">
      <properties>
         <property name="deviceName" value=""/>
         <property name="devicePlatform" value=""/>
         <property name="logFolder" value="/Users/sathianphongsukin/Document/\u0E07\u0E32\u0E19/64OTEPC01_DPA/Test/Test_Case/Register02/Reports/20210723_122125/Test Suite 2/20210723_122126"/>
         <property name="logFiles" value="/Users/sathianphongsukin/Document/\u0E07\u0E32\u0E19/64OTEPC01_DPA/Test/Test_Case/Register02/Reports/20210723_122125/Test Suite 2/20210723_122126/execution0.log"/>
         <property name="attachments" value=""/>
         <property name="hostName" value="sathianphongsukin - localhost"/>
         <property name="os" value="Mac OS X 64bit"/>
         <property name="katalonVersion" value="8.0.5.208"/>
         <property name="browser" value="Chrome 92.0.4515.107"/>
         <property name="hostAddress" value="127.0.0.1"/>
         <property name="sessionId" value="372c9c0b07d1ecc3dc1f17342152293d"/>
         <property name="seleniumVersion" value="3.141.59"/>
         <property name="proxyInformation" value="ProxyInformation { proxyOption=NO_PROXY, proxyServerType=HTTP, username=, password=********, proxyServerAddress=, proxyServerPort=0, executionList=&quot;&quot;, isApplyToDesiredCapabilities=true }"/>
         <property name="platform" value="Mac OS X"/>
      </properties>
      <testcase name="Test Cases/UAT-RGS-01-002" time="18.082" classname="Test Cases/UAT-RGS-01-002" status="PASSED">
         <system-out><![CDATA[2021-07-23 12:21:44 - [TEST_CASE][PASSED] - Test Cases/UAT-RGS-01-002: Test Cases/UAT-RGS-01-002

2021-07-23 12:21:45 - [TEST_STEP][PASSED] - openBrowser(""): Browser is opened with url: ''

2021-07-23 12:21:45 - [MESSAGE][INFO] - Starting 'Chrome' driver

2021-07-23 12:21:45 - [MESSAGE][INFO] - Action delay is set to 0 milliseconds

2021-07-23 12:21:50 - [MESSAGE][PASSED] - Browser is opened with url: ''

2021-07-23 12:21:50 - [TEST_STEP][PASSED] - navigateToUrl("http://eval.sbs-app.com:3001/"): Navigate to 'http://eval.sbs-app.com:3001/' successfully

2021-07-23 12:21:53 - [MESSAGE][PASSED] - Navigate to 'http://eval.sbs-app.com:3001/' successfully

2021-07-23 12:21:53 - [TEST_STEP][PASSED] - click(findTestObject("Object Repository/Re01/Page_(DPA)/a_")): Object: 'Object Repository/Re01/Page_(DPA)/a_' is clicked on

2021-07-23 12:21:54 - [MESSAGE][PASSED] - Object: 'Object Repository/Re01/Page_(DPA)/a_' is clicked on

2021-07-23 12:21:54 - [TEST_STEP][PASSED] - setText(findTestObject("Object Repository/Re01/Page_(DPA)/input__form-control ng-untouched ng-dirty ng-valid"), "piyachon@gmail.com"): Text 'piyachon@gmail.com' is set on object 'Object Repository/Re01/Page_(DPA)/input__form-control ng-untouched ng-dirty ng-valid'

2021-07-23 12:21:56 - [MESSAGE][PASSED] - Text 'piyachon@gmail.com' is set on object 'Object Repository/Re01/Page_(DPA)/input__form-control ng-untouched ng-dirty ng-valid'

2021-07-23 12:21:56 - [TEST_STEP][PASSED] - click(findTestObject("Object Repository/Re01/Page_(DPA)/div_")): Object: 'Object Repository/Re01/Page_(DPA)/div_' is clicked on

2021-07-23 12:21:56 - [MESSAGE][PASSED] - Object: 'Object Repository/Re01/Page_(DPA)/div_' is clicked on

2021-07-23 12:21:56 - [TEST_STEP][PASSED] - setText(findTestObject("Object Repository/Re01/Page_(DPA)/input__PersonID"), "3220600063006"): Text '3220600063006' is set on object 'Object Repository/Re01/Page_(DPA)/input__PersonID'

2021-07-23 12:21:57 - [MESSAGE][PASSED] - Text '3220600063006' is set on object 'Object Repository/Re01/Page_(DPA)/input__PersonID'

2021-07-23 12:21:57 - [TEST_STEP][PASSED] - click(findTestObject("Object Repository/Re01/Page_(DPA)/div__1")): Object: 'Object Repository/Re01/Page_(DPA)/div__1' is clicked on

2021-07-23 12:21:58 - [MESSAGE][PASSED] - Object: 'Object Repository/Re01/Page_(DPA)/div__1' is clicked on

2021-07-23 12:21:58 - [TEST_STEP][PASSED] - click(findTestObject("Re01/Page_(DPA)/input__Telephone")): Object: 'Object Repository/Re01/Page_(DPA)/input__Telephone' is clicked on

2021-07-23 12:21:59 - [MESSAGE][PASSED] - Object: 'Object Repository/Re01/Page_(DPA)/input__Telephone' is clicked on

2021-07-23 12:21:59 - [TEST_STEP][PASSED] - setText(findTestObject("Object Repository/Re01/Page_(DPA)/input__Telephone"), "0988765423"): Text '0988765423' is set on object 'Object Repository/Re01/Page_(DPA)/input__Telephone'

2021-07-23 12:21:59 - [MESSAGE][PASSED] - Text '0988765423' is set on object 'Object Repository/Re01/Page_(DPA)/input__Telephone'

2021-07-23 12:21:59 - [TEST_STEP][PASSED] - focus(findTestObject("Re01/Page_(DPA)/div_")): Object: 'Object Repository/Re01/Page_(DPA)/div_' is focused

2021-07-23 12:22:00 - [MESSAGE][PASSED] - Object: 'Object Repository/Re01/Page_(DPA)/div_' is focused

2021-07-23 12:22:02 - [TEST_STEP][PASSED] - Video: Video recording for test case 'Test Cases/UAT-RGS-01-002' .

2021-07-23 12:22:02 - [MESSAGE][INFO] - Video recording for test case 'Test Cases/UAT-RGS-01-002' .]]></system-out>
         <system-err><![CDATA[]]></system-err>
      </testcase>
      <system-out><![CDATA[2021-07-23 12:21:43 - [TEST_SUITE][PASSED] - Test Suite 2: Test Cases/UAT-RGS-01-002]]></system-out>
      <system-err><![CDATA[]]></system-err>
   </testsuite>
</testsuites>
