<?xml version="1.0" encoding="UTF-8"?>
<testsuites name="Test Suite 7" time="33.387" tests="1" failures="0" errors="0">
   <testsuite name="Test Suite 7" tests="1" failures="0" errors="0" time="33.387" skipped="0" timestamp="2021-07-24 15:42:20" hostname="sathianphongsukin - 192.168.1.37" id="Test Suites/Test Suite 7">
      <properties>
         <property name="deviceName" value=""/>
         <property name="devicePlatform" value=""/>
         <property name="logFolder" value="/Users/sathianphongsukin/Document/\u0E07\u0E32\u0E19/64OTEPC01_DPA/Test/Test_Case/Register02/Reports/20210724_154207/Test Suite 7/20210724_154207"/>
         <property name="logFiles" value="/Users/sathianphongsukin/Document/\u0E07\u0E32\u0E19/64OTEPC01_DPA/Test/Test_Case/Register02/Reports/20210724_154207/Test Suite 7/20210724_154207/execution0.log"/>
         <property name="attachments" value=""/>
         <property name="hostName" value="sathianphongsukin - 192.168.1.37"/>
         <property name="os" value="Mac OS X 64bit"/>
         <property name="katalonVersion" value="8.0.5.208"/>
         <property name="browser" value="Chrome 92.0.4515.107"/>
         <property name="hostAddress" value="192.168.1.37"/>
         <property name="sessionId" value="968783934a57c0a211261ab976e1f668"/>
         <property name="seleniumVersion" value="3.141.59"/>
         <property name="proxyInformation" value="ProxyInformation { proxyOption=NO_PROXY, proxyServerType=HTTP, username=, password=********, proxyServerAddress=, proxyServerPort=0, executionList=&quot;&quot;, isApplyToDesiredCapabilities=true }"/>
         <property name="platform" value="Mac OS X"/>
      </properties>
      <testcase name="Test Cases/UAT-RGS-01-007" time="32.779" classname="Test Cases/UAT-RGS-01-007" status="PASSED">
         <system-out><![CDATA[2021-07-24 15:42:21 - [TEST_CASE][PASSED] - Test Cases/UAT-RGS-01-007: Test Cases/UAT-RGS-01-007

2021-07-24 15:42:21 - [TEST_STEP][PASSED] - openBrowser(""): Browser is opened with url: ''

2021-07-24 15:42:22 - [MESSAGE][INFO] - Starting 'Chrome' driver

2021-07-24 15:42:22 - [MESSAGE][INFO] - Action delay is set to 0 milliseconds

2021-07-24 15:42:25 - [MESSAGE][PASSED] - Browser is opened with url: ''

2021-07-24 15:42:25 - [TEST_STEP][PASSED] - navigateToUrl("http://eval.sbs-app.com:3001/"): Navigate to 'http://eval.sbs-app.com:3001/' successfully

2021-07-24 15:42:28 - [MESSAGE][PASSED] - Navigate to 'http://eval.sbs-app.com:3001/' successfully

2021-07-24 15:42:28 - [TEST_STEP][PASSED] - click(findTestObject("Object Repository/Re01/Page_(DPA)/a_")): Object: 'Object Repository/Re01/Page_(DPA)/a_' is clicked on

2021-07-24 15:42:29 - [MESSAGE][PASSED] - Object: 'Object Repository/Re01/Page_(DPA)/a_' is clicked on

2021-07-24 15:42:29 - [TEST_STEP][PASSED] - setText(findTestObject("Object Repository/Re01/Page_(DPA)/input__form-control ng-untouched ng-dirty ng-valid"), "piyachon@gmail.com"): Text 'piyachon@gmail.com' is set on object 'Object Repository/Re01/Page_(DPA)/input__form-control ng-untouched ng-dirty ng-valid'

2021-07-24 15:42:31 - [MESSAGE][PASSED] - Text 'piyachon@gmail.com' is set on object 'Object Repository/Re01/Page_(DPA)/input__form-control ng-untouched ng-dirty ng-valid'

2021-07-24 15:42:31 - [TEST_STEP][PASSED] - click(findTestObject("Object Repository/Re01/Page_(DPA)/div_")): Object: 'Object Repository/Re01/Page_(DPA)/div_' is clicked on

2021-07-24 15:42:31 - [MESSAGE][PASSED] - Object: 'Object Repository/Re01/Page_(DPA)/div_' is clicked on

2021-07-24 15:42:31 - [TEST_STEP][PASSED] - setText(findTestObject("Object Repository/Re01/Page_(DPA)/input__PersonID"), "3350800648279"): Text '3350800648279' is set on object 'Object Repository/Re01/Page_(DPA)/input__PersonID'

2021-07-24 15:42:32 - [MESSAGE][PASSED] - Text '3350800648279' is set on object 'Object Repository/Re01/Page_(DPA)/input__PersonID'

2021-07-24 15:42:32 - [TEST_STEP][PASSED] - click(findTestObject("Object Repository/Re01/Page_(DPA)/div__1")): Object: 'Object Repository/Re01/Page_(DPA)/div__1' is clicked on

2021-07-24 15:42:33 - [MESSAGE][PASSED] - Object: 'Object Repository/Re01/Page_(DPA)/div__1' is clicked on

2021-07-24 15:42:33 - [TEST_STEP][PASSED] - click(findTestObject("Re01/Page_(DPA)/input__Telephone")): Object: 'Object Repository/Re01/Page_(DPA)/input__Telephone' is clicked on

2021-07-24 15:42:33 - [MESSAGE][PASSED] - Object: 'Object Repository/Re01/Page_(DPA)/input__Telephone' is clicked on

2021-07-24 15:42:33 - [TEST_STEP][PASSED] - setText(findTestObject("Object Repository/Re01/Page_(DPA)/input__Telephone"), "0988765423"): Text '0988765423' is set on object 'Object Repository/Re01/Page_(DPA)/input__Telephone'

2021-07-24 15:42:34 - [MESSAGE][PASSED] - Text '0988765423' is set on object 'Object Repository/Re01/Page_(DPA)/input__Telephone'

2021-07-24 15:42:34 - [TEST_STEP][PASSED] - focus(findTestObject("Re01/Page_(DPA)/div_")): Object: 'Object Repository/Re01/Page_(DPA)/div_' is focused

2021-07-24 15:42:35 - [MESSAGE][PASSED] - Object: 'Object Repository/Re01/Page_(DPA)/div_' is focused

2021-07-24 15:42:35 - [TEST_STEP][PASSED] - delay(2): Delayed 2 second(s)

2021-07-24 15:42:37 - [MESSAGE][PASSED] - Delayed 2 second(s)

2021-07-24 15:42:37 - [TEST_STEP][PASSED] - closeBrowser(): Browser is closed

2021-07-24 15:42:37 - [MESSAGE][PASSED] - Browser is closed

2021-07-24 15:42:37 - [TEST_STEP][PASSED] - openBrowser(""): Browser is opened with url: ''

2021-07-24 15:42:37 - [MESSAGE][INFO] - Starting 'Chrome' driver

2021-07-24 15:42:37 - [MESSAGE][INFO] - Action delay is set to 0 milliseconds

2021-07-24 15:42:39 - [MESSAGE][PASSED] - Browser is opened with url: ''

2021-07-24 15:42:39 - [TEST_STEP][PASSED] - navigateToUrl("http://eval.sbs-app.com:3003/auth/login"): Navigate to 'http://eval.sbs-app.com:3003/auth/login' successfully

2021-07-24 15:42:42 - [MESSAGE][PASSED] - Navigate to 'http://eval.sbs-app.com:3003/auth/login' successfully

2021-07-24 15:42:42 - [TEST_STEP][PASSED] - setText(findTestObject("Object Repository/UAT-RGS-01-007/Page_(DPA)/input__email"), "admin@demo.com"): Text 'admin@demo.com' is set on object 'Object Repository/UAT-RGS-01-007/Page_(DPA)/input__email'

2021-07-24 15:42:43 - [MESSAGE][PASSED] - Text 'admin@demo.com' is set on object 'Object Repository/UAT-RGS-01-007/Page_(DPA)/input__email'

2021-07-24 15:42:43 - [TEST_STEP][PASSED] - setEncryptedText(findTestObject("Object Repository/UAT-RGS-01-007/Page_(DPA)/input__password"), "PblvLzUlPsM="): Text ****** has been set on object 'Object Repository/UAT-RGS-01-007/Page_(DPA)/input__password'

2021-07-24 15:42:43 - [MESSAGE][PASSED] - Text ****** has been set on object 'Object Repository/UAT-RGS-01-007/Page_(DPA)/input__password'

2021-07-24 15:42:43 - [TEST_STEP][PASSED] - click(findTestObject("Object Repository/UAT-RGS-01-007/Page_(DPA)/button_")): Object: 'Object Repository/UAT-RGS-01-007/Page_(DPA)/button_' is clicked on

2021-07-24 15:42:44 - [MESSAGE][PASSED] - Object: 'Object Repository/UAT-RGS-01-007/Page_(DPA)/button_' is clicked on

2021-07-24 15:42:44 - [TEST_STEP][PASSED] - click(findTestObject("Object Repository/UAT-RGS-01-007/Page_(DPA)/svg_Stockholm-icons  Communication  Group  _3bd680")): Object: 'Object Repository/UAT-RGS-01-007/Page_(DPA)/svg_Stockholm-icons  Communication  Group  _3bd680' is clicked on

2021-07-24 15:42:46 - [MESSAGE][PASSED] - Object: 'Object Repository/UAT-RGS-01-007/Page_(DPA)/svg_Stockholm-icons  Communication  Group  _3bd680' is clicked on

2021-07-24 15:42:46 - [TEST_STEP][PASSED] - setText(findTestObject("Object Repository/UAT-RGS-01-007/Page_(DPA)/input__searchText"), "บุญสอาด"): Text 'บุญสอาด' is set on object 'Object Repository/UAT-RGS-01-007/Page_(DPA)/input__searchText'

2021-07-24 15:42:47 - [MESSAGE][PASSED] - Text 'บุญสอาด' is set on object 'Object Repository/UAT-RGS-01-007/Page_(DPA)/input__searchText'

2021-07-24 15:42:47 - [TEST_STEP][PASSED] - click(findTestObject("Object Repository/UAT-RGS-01-007/Page_(DPA)/span_Approved")): Object: 'Object Repository/UAT-RGS-01-007/Page_(DPA)/span_Approved' is clicked on

2021-07-24 15:42:48 - [MESSAGE][PASSED] - Object: 'Object Repository/UAT-RGS-01-007/Page_(DPA)/span_Approved' is clicked on

2021-07-24 15:42:48 - [TEST_STEP][PASSED] - delay(3): Delayed 3 second(s)

2021-07-24 15:42:51 - [MESSAGE][PASSED] - Delayed 3 second(s)

2021-07-24 15:42:51 - [TEST_STEP][PASSED] - closeBrowser(): Browser is closed

2021-07-24 15:42:51 - [MESSAGE][PASSED] - Browser is closed

2021-07-24 15:42:53 - [TEST_STEP][PASSED] - Video: Video recording for test case 'Test Cases/UAT-RGS-01-007' .

2021-07-24 15:42:53 - [MESSAGE][INFO] - Video recording for test case 'Test Cases/UAT-RGS-01-007' .]]></system-out>
         <system-err><![CDATA[]]></system-err>
      </testcase>
      <system-out><![CDATA[2021-07-24 15:42:20 - [TEST_SUITE][PASSED] - Test Suite 7: Test Cases/UAT-RGS-01-007]]></system-out>
      <system-err><![CDATA[]]></system-err>
   </testsuite>
</testsuites>
