<?xml version="1.0" encoding="UTF-8"?>
<testsuites name="Test Suite 8" time="26.298" tests="1" failures="0" errors="0">
   <testsuite name="Test Suite 8" tests="1" failures="0" errors="0" time="26.298" skipped="0" timestamp="2021-07-23 21:21:12" hostname="sathianphongsukin - localhost" id="Test Suites/Test Suite 8">
      <properties>
         <property name="deviceName" value=""/>
         <property name="devicePlatform" value=""/>
         <property name="logFolder" value="/Users/sathianphongsukin/Document/\u0E07\u0E32\u0E19/64OTEPC01_DPA/Test/Test_Case/Register02/Reports/20210723_212055/Test Suite 8/20210723_212055"/>
         <property name="logFiles" value="/Users/sathianphongsukin/Document/\u0E07\u0E32\u0E19/64OTEPC01_DPA/Test/Test_Case/Register02/Reports/20210723_212055/Test Suite 8/20210723_212055/execution0.log"/>
         <property name="attachments" value=""/>
         <property name="hostName" value="sathianphongsukin - localhost"/>
         <property name="os" value="Mac OS X 64bit"/>
         <property name="katalonVersion" value="8.0.5.208"/>
         <property name="browser" value="Chrome 92.0.4515.107"/>
         <property name="hostAddress" value="127.0.0.1"/>
         <property name="sessionId" value="90eb4a0de75c646d037b9b8118ca0520"/>
         <property name="seleniumVersion" value="3.141.59"/>
         <property name="proxyInformation" value="ProxyInformation { proxyOption=NO_PROXY, proxyServerType=HTTP, username=, password=********, proxyServerAddress=, proxyServerPort=0, executionList=&quot;&quot;, isApplyToDesiredCapabilities=true }"/>
         <property name="platform" value="Mac OS X"/>
      </properties>
      <testcase name="Test Cases/UAT-RGS-01-008" time="25.805" classname="Test Cases/UAT-RGS-01-008" status="PASSED">
         <system-out><![CDATA[2021-07-23 21:21:12 - [TEST_CASE][PASSED] - Test Cases/UAT-RGS-01-008: Test Cases/UAT-RGS-01-008

2021-07-23 21:21:13 - [TEST_STEP][PASSED] - openBrowser(""): Browser is opened with url: ''

2021-07-23 21:21:13 - [MESSAGE][INFO] - Starting 'Chrome' driver

2021-07-23 21:21:13 - [MESSAGE][INFO] - Action delay is set to 0 milliseconds

2021-07-23 21:21:17 - [MESSAGE][PASSED] - Browser is opened with url: ''

2021-07-23 21:21:17 - [TEST_STEP][PASSED] - navigateToUrl("http://eval.sbs-app.com:3001/"): Navigate to 'http://eval.sbs-app.com:3001/' successfully

2021-07-23 21:21:20 - [MESSAGE][PASSED] - Navigate to 'http://eval.sbs-app.com:3001/' successfully

2021-07-23 21:21:20 - [TEST_STEP][PASSED] - click(findTestObject("Object Repository/UAT-RGS-01-008/Page_(DPA)/a_")): Object: 'Object Repository/UAT-RGS-01-008/Page_(DPA)/a_' is clicked on

2021-07-23 21:21:21 - [MESSAGE][PASSED] - Object: 'Object Repository/UAT-RGS-01-008/Page_(DPA)/a_' is clicked on

2021-07-23 21:21:21 - [TEST_STEP][PASSED] - click(findTestObject("Object Repository/UAT-RGS-01-008/Page_(DPA)/input__form-control ng-untouched ng-pristin_178ccb")): Object: 'Object Repository/UAT-RGS-01-008/Page_(DPA)/input__form-control ng-untouched ng-pristin_178ccb' is clicked on

2021-07-23 21:21:22 - [MESSAGE][PASSED] - Object: 'Object Repository/UAT-RGS-01-008/Page_(DPA)/input__form-control ng-untouched ng-pristin_178ccb' is clicked on

2021-07-23 21:21:22 - [TEST_STEP][PASSED] - setText(findTestObject("Object Repository/UAT-RGS-01-008/Page_(DPA)/input__form-control ng-untouched ng-dirty ng-valid"), "sathianphong@gmail.com"): Text 'sathianphong@gmail.com' is set on object 'Object Repository/UAT-RGS-01-008/Page_(DPA)/input__form-control ng-untouched ng-dirty ng-valid'

2021-07-23 21:21:23 - [MESSAGE][PASSED] - Text 'sathianphong@gmail.com' is set on object 'Object Repository/UAT-RGS-01-008/Page_(DPA)/input__form-control ng-untouched ng-dirty ng-valid'

2021-07-23 21:21:23 - [TEST_STEP][PASSED] - click(findTestObject("Object Repository/UAT-RGS-01-008/Page_(DPA)/div_")): Object: 'Object Repository/UAT-RGS-01-008/Page_(DPA)/div_' is clicked on

2021-07-23 21:21:24 - [MESSAGE][PASSED] - Object: 'Object Repository/UAT-RGS-01-008/Page_(DPA)/div_' is clicked on

2021-07-23 21:21:24 - [TEST_STEP][PASSED] - setText(findTestObject("Object Repository/UAT-RGS-01-008/Page_(DPA)/input__PersonID"), "3540200133012"): Text '3540200133012' is set on object 'Object Repository/UAT-RGS-01-008/Page_(DPA)/input__PersonID'

2021-07-23 21:21:25 - [MESSAGE][PASSED] - Text '3540200133012' is set on object 'Object Repository/UAT-RGS-01-008/Page_(DPA)/input__PersonID'

2021-07-23 21:21:25 - [TEST_STEP][PASSED] - click(findTestObject("UAT-RGS-01-008/Page_(DPA)/input__form-control ng-untouched ng-pristin_cc1b82_1")): Object: 'Object Repository/UAT-RGS-01-008/Page_(DPA)/input__form-control ng-untouched ng-pristin_cc1b82_1' is clicked on

2021-07-23 21:21:25 - [MESSAGE][PASSED] - Object: 'Object Repository/UAT-RGS-01-008/Page_(DPA)/input__form-control ng-untouched ng-pristin_cc1b82_1' is clicked on

2021-07-23 21:21:25 - [TEST_STEP][PASSED] - click(findTestObject("Object Repository/UAT-RGS-01-008/Page_(DPA)/ngb-highlight_")): Object: 'Object Repository/UAT-RGS-01-008/Page_(DPA)/ngb-highlight_' is clicked on

2021-07-23 21:21:25 - [MESSAGE][PASSED] - Object: 'Object Repository/UAT-RGS-01-008/Page_(DPA)/ngb-highlight_' is clicked on

2021-07-23 21:21:25 - [TEST_STEP][PASSED] - setText(findTestObject("Object Repository/UAT-RGS-01-008/Page_(DPA)/input__FirstName"), "มงคล"): Text 'มงคล' is set on object 'Object Repository/UAT-RGS-01-008/Page_(DPA)/input__FirstName'

2021-07-23 21:21:26 - [MESSAGE][PASSED] - Text 'มงคล' is set on object 'Object Repository/UAT-RGS-01-008/Page_(DPA)/input__FirstName'

2021-07-23 21:21:26 - [TEST_STEP][PASSED] - setText(findTestObject("Object Repository/UAT-RGS-01-008/Page_(DPA)/input__length"), "งามดี"): Text 'งามดี' is set on object 'Object Repository/UAT-RGS-01-008/Page_(DPA)/input__length'

2021-07-23 21:21:27 - [MESSAGE][PASSED] - Text 'งามดี' is set on object 'Object Repository/UAT-RGS-01-008/Page_(DPA)/input__length'

2021-07-23 21:21:27 - [TEST_STEP][PASSED] - click(findTestObject("Object Repository/UAT-RGS-01-008/Page_(DPA)/button__my-btn btn btn-secondary")): Object: 'Object Repository/UAT-RGS-01-008/Page_(DPA)/button__my-btn btn btn-secondary' is clicked on

2021-07-23 21:21:28 - [MESSAGE][PASSED] - Object: 'Object Repository/UAT-RGS-01-008/Page_(DPA)/button__my-btn btn btn-secondary' is clicked on

2021-07-23 21:21:28 - [TEST_STEP][PASSED] - click(findTestObject("Object Repository/UAT-RGS-01-008/Page_(DPA)/span_2564")): Object: 'Object Repository/UAT-RGS-01-008/Page_(DPA)/span_2564' is clicked on

2021-07-23 21:21:28 - [MESSAGE][PASSED] - Object: 'Object Repository/UAT-RGS-01-008/Page_(DPA)/span_2564' is clicked on

2021-07-23 21:21:28 - [TEST_STEP][PASSED] - click(findTestObject("Object Repository/UAT-RGS-01-008/Page_(DPA)/div_2520")): Object: 'Object Repository/UAT-RGS-01-008/Page_(DPA)/div_2520' is clicked on

2021-07-23 21:21:29 - [MESSAGE][PASSED] - Object: 'Object Repository/UAT-RGS-01-008/Page_(DPA)/div_2520' is clicked on

2021-07-23 21:21:29 - [TEST_STEP][PASSED] - click(findTestObject("Object Repository/UAT-RGS-01-008/Page_(DPA)/div__1")): Object: 'Object Repository/UAT-RGS-01-008/Page_(DPA)/div__1' is clicked on

2021-07-23 21:21:30 - [MESSAGE][PASSED] - Object: 'Object Repository/UAT-RGS-01-008/Page_(DPA)/div__1' is clicked on

2021-07-23 21:21:30 - [TEST_STEP][PASSED] - click(findTestObject("Object Repository/UAT-RGS-01-008/Page_(DPA)/div_12")): Object: 'Object Repository/UAT-RGS-01-008/Page_(DPA)/div_12' is clicked on

2021-07-23 21:21:30 - [MESSAGE][PASSED] - Object: 'Object Repository/UAT-RGS-01-008/Page_(DPA)/div_12' is clicked on

2021-07-23 21:21:30 - [TEST_STEP][PASSED] - click(findTestObject("UAT-RGS-01-008/Page_(DPA)/input__form-control ng-untouched ng-pristin_cc1b82_position")): Object: 'Object Repository/UAT-RGS-01-008/Page_(DPA)/input__form-control ng-untouched ng-pristin_cc1b82_position' is clicked on

2021-07-23 21:21:32 - [MESSAGE][PASSED] - Object: 'Object Repository/UAT-RGS-01-008/Page_(DPA)/input__form-control ng-untouched ng-pristin_cc1b82_position' is clicked on

2021-07-23 21:21:32 - [TEST_STEP][PASSED] - click(findTestObject("UAT-RGS-01-008/Page_(DPA)/button_")): Object: 'Object Repository/UAT-RGS-01-008/Page_(DPA)/button_' is clicked on

2021-07-23 21:21:32 - [MESSAGE][PASSED] - Object: 'Object Repository/UAT-RGS-01-008/Page_(DPA)/button_' is clicked on

2021-07-23 21:21:32 - [TEST_STEP][PASSED] - setText(findTestObject("Object Repository/UAT-RGS-01-008/Page_(DPA)/input__Telephone"), "0903276488"): Text '0903276488' is set on object 'Object Repository/UAT-RGS-01-008/Page_(DPA)/input__Telephone'

2021-07-23 21:21:33 - [MESSAGE][PASSED] - Text '0903276488' is set on object 'Object Repository/UAT-RGS-01-008/Page_(DPA)/input__Telephone'

2021-07-23 21:21:33 - [TEST_STEP][PASSED] - click(findTestObject("UAT-RGS-01-008/Page_(DPA)/input__form-control ng-untouched ng-pristin_cc1b82_department")): Object: 'Object Repository/UAT-RGS-01-008/Page_(DPA)/input__form-control ng-untouched ng-pristin_cc1b82_department' is clicked on

2021-07-23 21:21:34 - [MESSAGE][PASSED] - Object: 'Object Repository/UAT-RGS-01-008/Page_(DPA)/input__form-control ng-untouched ng-pristin_cc1b82_department' is clicked on

2021-07-23 21:21:34 - [TEST_STEP][PASSED] - setText(findTestObject("UAT-RGS-01-008/Page_(DPA)/input__form-control ng-untouched ng-pristin_cc1b82_department"), "นนทบุรี"): Text 'นนทบุรี' is set on object 'Object Repository/UAT-RGS-01-008/Page_(DPA)/input__form-control ng-untouched ng-pristin_cc1b82_department'

2021-07-23 21:21:35 - [MESSAGE][PASSED] - Text 'นนทบุรี' is set on object 'Object Repository/UAT-RGS-01-008/Page_(DPA)/input__form-control ng-untouched ng-pristin_cc1b82_department'

2021-07-23 21:21:35 - [TEST_STEP][PASSED] - click(findTestObject("UAT-RGS-01-008/Page_(DPA)/button__1")): Object: 'Object Repository/UAT-RGS-01-008/Page_(DPA)/button__1' is clicked on

2021-07-23 21:21:36 - [MESSAGE][PASSED] - Object: 'Object Repository/UAT-RGS-01-008/Page_(DPA)/button__1' is clicked on

2021-07-23 21:21:36 - [TEST_STEP][PASSED] - closeBrowser(): Browser is closed

2021-07-23 21:21:36 - [MESSAGE][PASSED] - Browser is closed

2021-07-23 21:21:38 - [TEST_STEP][PASSED] - Video: Video recording for test case 'Test Cases/UAT-RGS-01-008' .

2021-07-23 21:21:38 - [MESSAGE][INFO] - Video recording for test case 'Test Cases/UAT-RGS-01-008' .]]></system-out>
         <system-err><![CDATA[]]></system-err>
      </testcase>
      <system-out><![CDATA[2021-07-23 21:21:12 - [TEST_SUITE][PASSED] - Test Suite 8: Test Cases/UAT-RGS-01-008]]></system-out>
      <system-err><![CDATA[]]></system-err>
   </testsuite>
</testsuites>
