<?xml version="1.0" encoding="UTF-8"?>
<testsuites name="Test Suite 6" time="21.914" tests="1" failures="0" errors="0">
   <testsuite name="Test Suite 6" tests="1" failures="0" errors="0" time="21.914" skipped="0" timestamp="2021-07-23 13:15:22" hostname="sathianphongsukin - localhost" id="Test Suites/Test Suite 6">
      <properties>
         <property name="deviceName" value=""/>
         <property name="devicePlatform" value=""/>
         <property name="logFolder" value="/Users/sathianphongsukin/Document/\u0E07\u0E32\u0E19/64OTEPC01_DPA/Test/Test_Case/Register02/Reports/20210723_131507/Test Suite 6/20210723_131507"/>
         <property name="logFiles" value="/Users/sathianphongsukin/Document/\u0E07\u0E32\u0E19/64OTEPC01_DPA/Test/Test_Case/Register02/Reports/20210723_131507/Test Suite 6/20210723_131507/execution0.log"/>
         <property name="attachments" value=""/>
         <property name="hostName" value="sathianphongsukin - localhost"/>
         <property name="os" value="Mac OS X 64bit"/>
         <property name="katalonVersion" value="8.0.5.208"/>
         <property name="browser" value="Chrome 92.0.4515.107"/>
         <property name="hostAddress" value="127.0.0.1"/>
         <property name="sessionId" value="0d6174639f0e89a59ba2b6b321401e3b"/>
         <property name="seleniumVersion" value="3.141.59"/>
         <property name="proxyInformation" value="ProxyInformation { proxyOption=NO_PROXY, proxyServerType=HTTP, username=, password=********, proxyServerAddress=, proxyServerPort=0, executionList=&quot;&quot;, isApplyToDesiredCapabilities=true }"/>
         <property name="platform" value="Mac OS X"/>
      </properties>
      <testcase name="Test Cases/UAT-RGS-01-006" time="21.126" classname="Test Cases/UAT-RGS-01-006" status="PASSED">
         <system-out><![CDATA[2021-07-23 13:15:23 - [TEST_CASE][PASSED] - Test Cases/UAT-RGS-01-006: Test Cases/UAT-RGS-01-006

2021-07-23 13:15:24 - [TEST_STEP][PASSED] - openBrowser(""): Browser is opened with url: ''

2021-07-23 13:15:24 - [MESSAGE][INFO] - Starting 'Chrome' driver

2021-07-23 13:15:24 - [MESSAGE][INFO] - Action delay is set to 0 milliseconds

2021-07-23 13:15:30 - [MESSAGE][PASSED] - Browser is opened with url: ''

2021-07-23 13:15:30 - [TEST_STEP][PASSED] - navigateToUrl("http://eval.sbs-app.com:3005/auth/login"): Navigate to 'http://eval.sbs-app.com:3005/auth/login' successfully

2021-07-23 13:15:32 - [MESSAGE][PASSED] - Navigate to 'http://eval.sbs-app.com:3005/auth/login' successfully

2021-07-23 13:15:32 - [TEST_STEP][PASSED] - setText(findTestObject("Object Repository/UAT-RGS-01-006/Page_(DPA)/input__email"), "piyachon.kompang@gmail.com"): Text 'piyachon.kompang@gmail.com' is set on object 'Object Repository/UAT-RGS-01-006/Page_(DPA)/input__email'

2021-07-23 13:15:33 - [MESSAGE][PASSED] - Text 'piyachon.kompang@gmail.com' is set on object 'Object Repository/UAT-RGS-01-006/Page_(DPA)/input__email'

2021-07-23 13:15:33 - [TEST_STEP][PASSED] - setEncryptedText(findTestObject("Object Repository/UAT-RGS-01-006/Page_(DPA)/input__password"), "4wKTkCwZKEE="): Text ****** has been set on object 'Object Repository/UAT-RGS-01-006/Page_(DPA)/input__password'

2021-07-23 13:15:34 - [MESSAGE][PASSED] - Text ****** has been set on object 'Object Repository/UAT-RGS-01-006/Page_(DPA)/input__password'

2021-07-23 13:15:34 - [TEST_STEP][PASSED] - focus(findTestObject("UAT-RGS-01-006/Page_(DPA)/button_")): Object: 'Object Repository/UAT-RGS-01-006/Page_(DPA)/button_' is focused

2021-07-23 13:15:35 - [MESSAGE][PASSED] - Object: 'Object Repository/UAT-RGS-01-006/Page_(DPA)/button_' is focused

2021-07-23 13:15:35 - [TEST_STEP][PASSED] - click(findTestObject("Object Repository/UAT-RGS-01-006/Page_(DPA)/button_")): Object: 'Object Repository/UAT-RGS-01-006/Page_(DPA)/button_' is clicked on

2021-07-23 13:15:35 - [MESSAGE][PASSED] - Object: 'Object Repository/UAT-RGS-01-006/Page_(DPA)/button_' is clicked on

2021-07-23 13:15:35 - [TEST_STEP][PASSED] - focus(findTestObject("UAT-RGS-01-006/Page_(DPA)/button__1")): Object: 'Object Repository/UAT-RGS-01-006/Page_(DPA)/button__1' is focused

2021-07-23 13:15:37 - [MESSAGE][PASSED] - Object: 'Object Repository/UAT-RGS-01-006/Page_(DPA)/button__1' is focused

2021-07-23 13:15:37 - [TEST_STEP][PASSED] - click(findTestObject("Object Repository/UAT-RGS-01-006/Page_(DPA)/button__1")): Object: 'Object Repository/UAT-RGS-01-006/Page_(DPA)/button__1' is clicked on

2021-07-23 13:15:38 - [MESSAGE][PASSED] - Object: 'Object Repository/UAT-RGS-01-006/Page_(DPA)/button__1' is clicked on

2021-07-23 13:15:38 - [TEST_STEP][PASSED] - click(findTestObject("Object Repository/UAT-RGS-01-006/Page_(DPA)/span")): Object: 'Object Repository/UAT-RGS-01-006/Page_(DPA)/span' is clicked on

2021-07-23 13:15:38 - [MESSAGE][PASSED] - Object: 'Object Repository/UAT-RGS-01-006/Page_(DPA)/span' is clicked on

2021-07-23 13:15:38 - [TEST_STEP][PASSED] - setText(findTestObject("Object Repository/UAT-RGS-01-006/Page_(DPA)/input__searchText"), "นิวั"): Text 'นิวั' is set on object 'Object Repository/UAT-RGS-01-006/Page_(DPA)/input__searchText'

2021-07-23 13:15:39 - [MESSAGE][PASSED] - Text 'นิวั' is set on object 'Object Repository/UAT-RGS-01-006/Page_(DPA)/input__searchText'

2021-07-23 13:15:39 - [TEST_STEP][PASSED] - focus(findTestObject("UAT-RGS-01-006/Page_(DPA)/button__1_2")): Object: 'Object Repository/UAT-RGS-01-006/Page_(DPA)/button__1_2' is focused

2021-07-23 13:15:40 - [MESSAGE][PASSED] - Object: 'Object Repository/UAT-RGS-01-006/Page_(DPA)/button__1_2' is focused

2021-07-23 13:15:40 - [TEST_STEP][PASSED] - click(findTestObject("Object Repository/UAT-RGS-01-006/Page_(DPA)/button__1_2")): Object: 'Object Repository/UAT-RGS-01-006/Page_(DPA)/button__1_2' is clicked on

2021-07-23 13:15:40 - [MESSAGE][PASSED] - Object: 'Object Repository/UAT-RGS-01-006/Page_(DPA)/button__1_2' is clicked on

2021-07-23 13:15:40 - [TEST_STEP][PASSED] - focus(findTestObject("UAT-RGS-01-006/Page_(DPA)/button__1_2_3")): Object: 'Object Repository/UAT-RGS-01-006/Page_(DPA)/button__1_2_3' is focused

2021-07-23 13:15:41 - [MESSAGE][PASSED] - Object: 'Object Repository/UAT-RGS-01-006/Page_(DPA)/button__1_2_3' is focused

2021-07-23 13:15:41 - [TEST_STEP][PASSED] - click(findTestObject("Object Repository/UAT-RGS-01-006/Page_(DPA)/button__1_2_3")): Object: 'Object Repository/UAT-RGS-01-006/Page_(DPA)/button__1_2_3' is clicked on

2021-07-23 13:15:41 - [MESSAGE][PASSED] - Object: 'Object Repository/UAT-RGS-01-006/Page_(DPA)/button__1_2_3' is clicked on

2021-07-23 13:15:41 - [TEST_STEP][PASSED] - closeBrowser(): Browser is closed

2021-07-23 13:15:42 - [MESSAGE][PASSED] - Browser is closed

2021-07-23 13:15:44 - [TEST_STEP][PASSED] - Video: Video recording for test case 'Test Cases/UAT-RGS-01-006' .

2021-07-23 13:15:44 - [MESSAGE][INFO] - Video recording for test case 'Test Cases/UAT-RGS-01-006' .]]></system-out>
         <system-err><![CDATA[]]></system-err>
      </testcase>
      <system-out><![CDATA[2021-07-23 13:15:22 - [TEST_SUITE][PASSED] - Test Suite 6: Test Cases/UAT-RGS-01-006]]></system-out>
      <system-err><![CDATA[]]></system-err>
   </testsuite>
</testsuites>
